Restriction site locations and lengths are as follows:
1 4
5 4
8 10
9 8
10 6
11 4
21 6
22 4
75 4
104 4
113 4
114 4
149 4
155 4
155 6
156 4
157 4
165 4
166 4
186 6
187 4
191 4
199 4
218 4
254 4
257 4
291 4
332 4
347 4
350 4
355 4
356 10
357 8
358 6
359 4
384 6
385 4
389 4
395 4
405 4
408 8
409 6
410 4
415 4
417 4
425 12
426 10
427 8
428 6
429 4
459 4
503 4
504 4
507 4
518 4
528 4
532 4
533 6
534 4
538 6
539 4
554 4
595 4
610 4
626 4
637 4
649 4
650 6
651 4
683 6
684 4
700 4
738 4
780 4
815 6
816 4
839 6
840 4
843 6
844 4
855 4
855 6
856 4
857 4
[3, 4, 5]
